<?xml version="1.0" encoding="UTF-8"?>
<!-- Generated by org.testng.reporters.JUnitReportReporter -->
<testsuite hostname="DESKTOP-S4UD70P" failures="0" tests="1" name="testNGconcept.AssertionsWithInvalidCred" time="18.386" errors="0" timestamp="2024-05-10T18:54:31 IST" skipped="0">
  <testcase classname="testNGconcept.AssertionsWithInvalidCred" name="VerifyloginWithValiddata" time="18.386"/>
  <system-out/>
</testsuite> <!-- testNGconcept.AssertionsWithInvalidCred -->
