<?xml version="1.0" encoding="UTF-8"?>
<!-- Generated by org.testng.reporters.JUnitReportReporter -->
<testsuite hostname="DESKTOP-S4UD70P" failures="0" tests="11" name="testNGconcept.OtherAnnotation" time="0.044" errors="0" timestamp="2024-05-09T17:15:29 IST" skipped="1">
  <testcase classname="testNGconcept.OtherAnnotation" name="method2" time="0.018"/>
  <system-out/>
  <testcase classname="testNGconcept.OtherAnnotation" name="method2" time="0.003"/>
  <system-out/>
  <testcase classname="testNGconcept.OtherAnnotation" name="method2" time="0.004"/>
  <system-out/>
  <testcase classname="testNGconcept.OtherAnnotation" name="method2" time="0.003"/>
  <system-out/>
  <testcase classname="testNGconcept.OtherAnnotation" name="method2" time="0.003"/>
  <system-out/>
  <testcase classname="testNGconcept.OtherAnnotation" name="method2" time="0.003"/>
  <system-out/>
  <testcase classname="testNGconcept.OtherAnnotation" name="method2" time="0.003"/>
  <system-out/>
  <testcase classname="testNGconcept.OtherAnnotation" name="method2" time="0.002"/>
  <system-out/>
  <testcase classname="testNGconcept.OtherAnnotation" name="method2" time="0.002"/>
  <system-out/>
  <testcase classname="testNGconcept.OtherAnnotation" name="method2" time="0.003"/>
  <system-out/>
  <testcase classname="testNGconcept.OtherAnnotation" name="method1">
    <skipped/>
  </testcase> <!-- method1 -->
  <system-out/>
</testsuite> <!-- testNGconcept.OtherAnnotation -->
