<?xml version="1.0" encoding="UTF-8"?>
<!-- Generated by org.testng.reporters.JUnitReportReporter -->
<testsuite hostname="DESKTOP-S4UD70P" failures="0" tests="3" name="testNGconcept.dependeON" time="0.032" errors="0" timestamp="2024-05-09T15:56:02 IST" skipped="0">
  <testcase classname="testNGconcept.dependeON" name="method2" time="0.024"/>
  <system-out/>
  <testcase classname="testNGconcept.dependeON" name="method1" time="0.005"/>
  <system-out/>
  <testcase classname="testNGconcept.dependeON" name="method3" time="0.003"/>
  <system-out/>
</testsuite> <!-- testNGconcept.dependeON -->
