<?xml version="1.0" encoding="UTF-8"?>
<!-- Generated by org.testng.reporters.JUnitReportReporter -->
<testsuite hostname="DESKTOP-S4UD70P" failures="0" tests="4" name="testNGconcept.Priority" time="0.032" errors="0" timestamp="2024-05-09T15:35:57 IST" skipped="0">
  <testcase classname="testNGconcept.Priority" name="method3" time="0.020"/>
  <system-out/>
  <testcase classname="testNGconcept.Priority" name="method2" time="0.004"/>
  <system-out/>
  <testcase classname="testNGconcept.Priority" name="method1" time="0.004"/>
  <system-out/>
  <testcase classname="testNGconcept.Priority" name="method4" time="0.004"/>
  <system-out/>
</testsuite> <!-- testNGconcept.Priority -->
