<?xml version="1.0" encoding="UTF-8"?>
<!-- Generated by org.testng.reporters.JUnitReportReporter -->
<testsuite hostname="DESKTOP-S4UD70P" failures="0" tests="1" name="testNGconcept.groups" time="0.025" errors="0" timestamp="2024-05-09T16:28:22 IST" skipped="0">
  <testcase classname="testNGconcept.groups" name="method1" time="0.025"/>
  <system-out/>
</testsuite> <!-- testNGconcept.groups -->
