<?xml version="1.0" encoding="UTF-8"?>
<!-- Generated by org.testng.reporters.JUnitReportReporter -->
<testsuite hostname="DESKTOP-S4UD70P" failures="0" tests="2" name="testNGconcept.demo2$demo1" time="0.013" errors="0" timestamp="2024-05-07T15:48:44 IST" skipped="0">
  <testcase classname="testNGconcept.demo2$demo1" name="method222" time="0.008"/>
  <system-out/>
  <testcase classname="testNGconcept.demo2$demo1" name="method22" time="0.005"/>
  <system-out/>
</testsuite> <!-- testNGconcept.demo2$demo1 -->
