<?xml version="1.0" encoding="UTF-8"?>
<!-- Generated by org.testng.reporters.JUnitReportReporter -->
<testsuite hostname="DESKTOP-S4UD70P" failures="0" tests="3" name="testNGconcept.demo1" time="0.042" errors="0" timestamp="2024-05-07T15:48:44 IST" skipped="0">
  <testcase classname="testNGconcept.demo1" name="method2" time="0.006"/>
  <system-out/>
  <testcase classname="testNGconcept.demo1" name="method1" time="0.024"/>
  <system-out/>
  <testcase classname="testNGconcept.demo1" name="method11" time="0.012"/>
  <system-out/>
</testsuite> <!-- testNGconcept.demo1 -->
